# JRE version: Java(TM) SE Runtime Environment (8.0_201-b09) (build 1.8.0_201-b09)
# Java VM: Java HotSpot(TM) 64-Bit Server VM (25.201-b09 mixed mode bsd-amd64 compressed oops)
Heap:
 PSYoungGen      total 306176K, used 246993K [0x000000076ab00000, 0x000000077f200000, 0x00000007c0000000)
  eden space 294400K, 80% used [0x000000076ab00000,0x0000000779118848,0x000000077ca80000)
  from space 11776K, 96% used [0x000000077e680000,0x000000077f19bd68,0x000000077f200000)
  to   space 16896K, 0% used [0x000000077d100000,0x000000077d100000,0x000000077e180000)
 ParOldGen       total 232960K, used 32503K [0x00000006c0000000, 0x00000006ce380000, 0x000000076ab00000)
  object space 232960K, 13% used [0x00000006c0000000,0x00000006c1fbdc38,0x00000006ce380000)
 Metaspace       used 74233K, capacity 78432K, committed 78612K, reserved 1118208K
  class space    used 9978K, capacity 10694K, committed 10812K, reserved 1048576K
GC Heap History (10 events):
Event: 7.970 GC heap before
{Heap before GC invocations=9 (full 2):
 PSYoungGen      total 166912K, used 9142K [0x000000076ab00000, 0x000000077ba00000, 0x00000007c0000000)
  eden space 155136K, 0% used [0x000000076ab00000,0x000000076ab00000,0x0000000774280000)
  from space 11776K, 77% used [0x0000000774280000,0x0000000774b6dbb8,0x0000000774e00000)
  to   space 11776K, 0% used [0x000000077ae80000,0x000000077ae80000,0x000000077ba00000)
 ParOldGen       total 104960K, used 11178K [0x00000006c0000000, 0x00000006c6680000, 0x000000076ab00000)
  object space 104960K, 10% used [0x00000006c0000000,0x00000006c0aeaaa8,0x00000006c6680000)
 Metaspace       used 32924K, capacity 35370K, committed 35416K, reserved 1079296K
  class space    used 4282K, capacity 4729K, committed 4736K, reserved 1048576K
Event: 8.053 GC heap after
Heap after GC invocations=9 (full 2):
 PSYoungGen      total 166912K, used 0K [0x000000076ab00000, 0x000000077ba00000, 0x00000007c0000000)
  eden space 155136K, 0% used [0x000000076ab00000,0x000000076ab00000,0x0000000774280000)
  from space 11776K, 0% used [0x0000000774280000,0x0000000774280000,0x0000000774e00000)
  to   space 11776K, 0% used [0x000000077ae80000,0x000000077ae80000,0x000000077ba00000)
 ParOldGen       total 154112K, used 13585K [0x00000006c0000000, 0x00000006c9680000, 0x000000076ab00000)
  object space 154112K, 8% used [0x00000006c0000000,0x00000006c0d44670,0x00000006c9680000)
 Metaspace       used 32924K, capacity 35370K, committed 35416K, reserved 1079296K
  class space    used 4282K, capacity 4729K, committed 4736K, reserved 1048576K
}
Event: 9.896 GC heap before
{Heap before GC invocations=10 (full 2):
 PSYoungGen      total 166912K, used 155136K [0x000000076ab00000, 0x000000077ba00000, 0x00000007c0000000)
  eden space 155136K, 100% used [0x000000076ab00000,0x0000000774280000,0x0000000774280000)
  from space 11776K, 0% used [0x0000000774280000,0x0000000774280000,0x0000000774e00000)
  to   space 11776K, 0% used [0x000000077ae80000,0x000000077ae80000,0x000000077ba00000)
 ParOldGen       total 154112K, used 13585K [0x00000006c0000000, 0x00000006c9680000, 0x000000076ab00000)
  object space 154112K, 8% used [0x00000006c0000000,0x00000006c0d44670,0x00000006c9680000)
 Metaspace       used 40126K, capacity 42784K, committed 42968K, reserved 1087488K
  class space    used 5392K, capacity 5872K, committed 5888K, reserved 1048576K
Event: 9.910 GC heap after
Heap after GC invocations=10 (full 2):
 PSYoungGen      total 244736K, used 8283K [0x000000076ab00000, 0x000000077b700000, 0x00000007c0000000)
  eden space 236032K, 0% used [0x000000076ab00000,0x000000076ab00000,0x0000000779180000)
  from space 8704K, 95% used [0x000000077ae80000,0x000000077b696e70,0x000000077b700000)
  to   space 11776K, 0% used [0x000000077a000000,0x000000077a000000,0x000000077ab80000)
 ParOldGen       total 154112K, used 13593K [0x00000006c0000000, 0x00000006c9680000, 0x000000076ab00000)
  object space 154112K, 8% used [0x00000006c0000000,0x00000006c0d46670,0x00000006c9680000)
 Metaspace       used 40126K, capacity 42784K, committed 42968K, reserved 1087488K
  class space    used 5392K, capacity 5872K, committed 5888K, reserved 1048576K
}
Event: 14.581 GC heap before
{Heap before GC invocations=11 (full 2):
 PSYoungGen      total 244736K, used 234162K [0x000000076ab00000, 0x000000077b700000, 0x00000007c0000000)
  eden space 236032K, 95% used [0x000000076ab00000,0x0000000778795c48,0x0000000779180000)
  from space 8704K, 95% used [0x000000077ae80000,0x000000077b696e70,0x000000077b700000)
  to   space 11776K, 0% used [0x000000077a000000,0x000000077a000000,0x000000077ab80000)
 ParOldGen       total 154112K, used 13593K [0x00000006c0000000, 0x00000006c9680000, 0x000000076ab00000)
  object space 154112K, 8% used [0x00000006c0000000,0x00000006c0d46670,0x00000006c9680000)
 Metaspace       used 55571K, capacity 58924K, committed 59028K, reserved 1099776K
  class space    used 7508K, capacity 8081K, committed 8124K, reserved 1048576K
Event: 14.629 GC heap after
Heap after GC invocations=11 (full 2):
 PSYoungGen      total 262656K, used 11750K [0x000000076ab00000, 0x000000077f700000, 0x00000007c0000000)
  eden space 250880K, 0% used [0x000000076ab00000,0x000000076ab00000,0x000000077a000000)
  from space 11776K, 99% used [0x000000077a000000,0x000000077ab79bc8,0x000000077ab80000)
  to   space 16896K, 0% used [0x000000077e680000,0x000000077e680000,0x000000077f700000)
 ParOldGen       total 154112K, used 23202K [0x00000006c0000000, 0x00000006c9680000, 0x000000076ab00000)
  object space 154112K, 15% used [0x00000006c0000000,0x00000006c16a8880,0x00000006c9680000)
 Metaspace       used 55571K, capacity 58924K, committed 59028K, reserved 1099776K
  class space    used 7508K, capacity 8081K, committed 8124K, reserved 1048576K
}
Event: 14.629 GC heap before
{Heap before GC invocations=12 (full 3):
 PSYoungGen      total 262656K, used 11750K [0x000000076ab00000, 0x000000077f700000, 0x00000007c0000000)
  eden space 250880K, 0% used [0x000000076ab00000,0x000000076ab00000,0x000000077a000000)
  from space 11776K, 99% used [0x000000077a000000,0x000000077ab79bc8,0x000000077ab80000)
  to   space 16896K, 0% used [0x000000077e680000,0x000000077e680000,0x000000077f700000)
 ParOldGen       total 154112K, used 23202K [0x00000006c0000000, 0x00000006c9680000, 0x000000076ab00000)
  object space 154112K, 15% used [0x00000006c0000000,0x00000006c16a8880,0x00000006c9680000)
 Metaspace       used 55571K, capacity 58924K, committed 59028K, reserved 1099776K
  class space    used 7508K, capacity 8081K, committed 8124K, reserved 1048576K
Event: 15.051 GC heap after
Heap after GC invocations=12 (full 3):
 PSYoungGen      total 262656K, used 0K [0x000000076ab00000, 0x000000077f700000, 0x00000007c0000000)
  eden space 250880K, 0% used [0x000000076ab00000,0x000000076ab00000,0x000000077a000000)
  from space 11776K, 0% used [0x000000077a000000,0x000000077a000000,0x000000077ab80000)
  to   space 16896K, 0% used [0x000000077e680000,0x000000077e680000,0x000000077f700000)
 ParOldGen       total 232960K, used 32495K [0x00000006c0000000, 0x00000006ce380000, 0x000000076ab00000)
  object space 232960K, 13% used [0x00000006c0000000,0x00000006c1fbbc38,0x00000006ce380000)
 Metaspace       used 55571K, capacity 58924K, committed 59028K, reserved 1099776K
  class space    used 7508K, capacity 8081K, committed 8124K, reserved 1048576K
}
Event: 21.973 GC heap before
{Heap before GC invocations=13 (full 3):
 PSYoungGen      total 262656K, used 250880K [0x000000076ab00000, 0x000000077f700000, 0x00000007c0000000)
  eden space 250880K, 100% used [0x000000076ab00000,0x000000077a000000,0x000000077a000000)
  from space 11776K, 0% used [0x000000077a000000,0x000000077a000000,0x000000077ab80000)
  to   space 16896K, 0% used [0x000000077e680000,0x000000077e680000,0x000000077f700000)
 ParOldGen       total 232960K, used 32495K [0x00000006c0000000, 0x00000006ce380000, 0x000000076ab00000)
  object space 232960K, 13% used [0x00000006c0000000,0x00000006c1fbbc38,0x00000006ce380000)
 Metaspace       used 62502K, capacity 66214K, committed 66452K, reserved 1105920K
  class space    used 8544K, capacity 9145K, committed 9148K, reserved 1048576K
Event: 22.005 GC heap after
Heap after GC invocations=13 (full 3):
 PSYoungGen      total 306176K, used 11375K [0x000000076ab00000, 0x000000077f200000, 0x00000007c0000000)
  eden space 294400K, 0% used [0x000000076ab00000,0x000000076ab00000,0x000000077ca80000)
  from space 11776K, 96% used [0x000000077e680000,0x000000077f19bd68,0x000000077f200000)
  to   space 16896K, 0% used [0x000000077d100000,0x000000077d100000,0x000000077e180000)
 ParOldGen       total 232960K, used 32503K [0x00000006c0000000, 0x00000006ce380000, 0x000000076ab00000)
  object space 232960K, 13% used [0x00000006c0000000,0x00000006c1fbdc38,0x00000006ce380000)
 Metaspace       used 62502K, capacity 66214K, committed 66452K, reserved 1105920K
  class space    used 8544K, capacity 9145K, committed 9148K, reserved 1048576K
}

